<?xml version="1.0" encoding="UTF-8"?>
<testsuite name="Issue1488Test" tests="1" skipped="0" failures="0" errors="0" timestamp="2017-10-25T19:25:34" hostname="linux1610" time="0.0">
  <properties/>
  <testcase name="test[0]" classname="Issue1488Test" time="0.0"/>
  <system-out><![CDATA[]]></system-out>
  <system-err><![CDATA[]]></system-err>
</testsuite>
